<?xml version="1.0" encoding="UTF-8"?>
<!-- Generated by org.testng.reporters.JUnitXMLReporter -->
<testsuite ignored="3" hostname="DESKTOP-3CFO2EU" failures="0" tests="5" name="Test" time="0.092" errors="0" timestamp="16 Apr 2023 04:04:15 GMT">
  <testcase classname="testcases.HomeLoanTest" name="test1" time="0.007"/>
  <testcase classname="testcases.HomeLoanTest" name="test" time="0.004"/>
  <testcase classname="testcases.CarLoanTest" name="test" time="0.004"/>
  <testcase classname="testcases.CarLoanTest" name="test1" time="0.003"/>
  <testcase classname="testcases.CreditCardTest" name="test" time="0.005"/>
  <testcase classname="testcases.BaseClass" name="@BeforeTest before" time="0.0">
    <ignored/>
  </testcase> <!-- @BeforeTest before -->
  <testcase classname="testcases.CreditCardTest" name="test1" time="0.0">
    <ignored/>
  </testcase> <!-- test1 -->
  <testcase classname="testcases.BaseClass" name="@AfterTest after" time="0.0">
    <ignored/>
  </testcase> <!-- @AfterTest after -->
</testsuite> <!-- Test -->
