<?xml version="1.0" encoding="UTF-8"?>
<testng-results skipped="0" failed="0" ignored="5" total="15" passed="10">
  <reporter-output>
  </reporter-output>
  <suite name="Suite" duration-ms="78" started-at="2023-04-16T04:57:01Z" finished-at="2023-04-16T04:57:01Z">
    <groups>
      <group name="regression">
        <method signature="CarLoanTest.test1()[pri:0, instance:testcases.CarLoanTest@4df828d7]" name="test1" class="testcases.CarLoanTest"/>
      </group> <!-- regression -->
      <group name="sanity">
        <method signature="CarLoanTest.test()[pri:0, instance:testcases.CarLoanTest@4df828d7]" name="test" class="testcases.CarLoanTest"/>
        <method signature="CreditCardTest.test()[pri:0, instance:testcases.CreditCardTest@b59d31]" name="test" class="testcases.CreditCardTest"/>
        <method signature="HomeLoanTest.test1()[pri:0, instance:testcases.HomeLoanTest@5e25a92e]" name="test1" class="testcases.HomeLoanTest"/>
        <method signature="HomeLoanTest.test()[pri:0, instance:testcases.HomeLoanTest@5e25a92e]" name="test" class="testcases.HomeLoanTest"/>
      </group> <!-- sanity -->
    </groups>
    <test name="Test" duration-ms="78" started-at="2023-04-16T04:57:01Z" finished-at="2023-04-16T04:57:01Z">
      <class name="testcases.CarLoanTest">
        <test-method status="PASS" signature="method1()[pri:0, instance:testcases.CarLoanTest@4df828d7]" name="method1" is-config="true" duration-ms="1" started-at="2023-04-16T04:57:01Z" finished-at="2023-04-16T04:57:01Z">
          <reporter-output>
          </reporter-output>
        </test-method> <!-- method1 -->
        <test-method status="PASS" signature="test()[pri:0, instance:testcases.CarLoanTest@4df828d7]" name="test" duration-ms="7" started-at="2023-04-16T04:57:01Z" finished-at="2023-04-16T04:57:01Z">
          <reporter-output>
          </reporter-output>
        </test-method> <!-- test -->
        <test-method status="PASS" signature="method2()[pri:0, instance:testcases.CarLoanTest@4df828d7]" name="method2" is-config="true" duration-ms="3" started-at="2023-04-16T04:57:01Z" finished-at="2023-04-16T04:57:01Z">
          <reporter-output>
          </reporter-output>
        </test-method> <!-- method2 -->
        <test-method status="PASS" signature="method1()[pri:0, instance:testcases.CarLoanTest@4df828d7]" name="method1" is-config="true" duration-ms="1" started-at="2023-04-16T04:57:01Z" finished-at="2023-04-16T04:57:01Z">
          <reporter-output>
          </reporter-output>
        </test-method> <!-- method1 -->
        <test-method status="PASS" signature="test1()[pri:0, instance:testcases.CarLoanTest@4df828d7]" name="test1" duration-ms="7" started-at="2023-04-16T04:57:01Z" finished-at="2023-04-16T04:57:01Z">
          <reporter-output>
          </reporter-output>
        </test-method> <!-- test1 -->
        <test-method status="PASS" signature="method2()[pri:0, instance:testcases.CarLoanTest@4df828d7]" name="method2" is-config="true" duration-ms="0" started-at="2023-04-16T04:57:01Z" finished-at="2023-04-16T04:57:01Z">
          <reporter-output>
          </reporter-output>
        </test-method> <!-- method2 -->
      </class> <!-- testcases.CarLoanTest -->
      <class name="testcases.CreditCardTest">
        <test-method status="PASS" signature="test()[pri:0, instance:testcases.CreditCardTest@b59d31]" name="test" duration-ms="1" started-at="2023-04-16T04:57:01Z" finished-at="2023-04-16T04:57:01Z">
          <reporter-output>
          </reporter-output>
        </test-method> <!-- test -->
      </class> <!-- testcases.CreditCardTest -->
      <class name="testcases.HomeLoanTest">
        <test-method status="PASS" signature="before()[pri:0, instance:testcases.HomeLoanTest@5e25a92e]" name="before" is-config="true" duration-ms="18" started-at="2023-04-16T04:57:01Z" finished-at="2023-04-16T04:57:01Z">
          <reporter-output>
          </reporter-output>
        </test-method> <!-- before -->
        <test-method status="PASS" signature="test1()[pri:0, instance:testcases.HomeLoanTest@5e25a92e]" name="test1" duration-ms="2" started-at="2023-04-16T04:57:01Z" finished-at="2023-04-16T04:57:01Z">
          <reporter-output>
          </reporter-output>
        </test-method> <!-- test1 -->
        <test-method status="PASS" signature="method1()[pri:0, instance:testcases.HomeLoanTest@5e25a92e]" name="method1" is-config="true" duration-ms="0" started-at="2023-04-16T04:57:01Z" finished-at="2023-04-16T04:57:01Z">
          <reporter-output>
          </reporter-output>
        </test-method> <!-- method1 -->
        <test-method status="PASS" signature="method2()[pri:0, instance:testcases.HomeLoanTest@5e25a92e]" name="method2" is-config="true" duration-ms="1" started-at="2023-04-16T04:57:01Z" finished-at="2023-04-16T04:57:01Z">
          <reporter-output>
          </reporter-output>
        </test-method> <!-- method2 -->
        <test-method status="PASS" signature="test()[pri:0, instance:testcases.HomeLoanTest@5e25a92e]" name="test" duration-ms="0" started-at="2023-04-16T04:57:01Z" depends-on-methods="testcases.HomeLoanTest.test1" finished-at="2023-04-16T04:57:01Z">
          <reporter-output>
          </reporter-output>
        </test-method> <!-- test -->
        <test-method status="PASS" signature="method2()[pri:0, instance:testcases.HomeLoanTest@5e25a92e]" name="method2" is-config="true" duration-ms="1" started-at="2023-04-16T04:57:01Z" finished-at="2023-04-16T04:57:01Z">
          <reporter-output>
          </reporter-output>
        </test-method> <!-- method2 -->
        <test-method status="PASS" signature="method1()[pri:0, instance:testcases.HomeLoanTest@5e25a92e]" name="method1" is-config="true" duration-ms="0" started-at="2023-04-16T04:57:01Z" finished-at="2023-04-16T04:57:01Z">
          <reporter-output>
          </reporter-output>
        </test-method> <!-- method1 -->
        <test-method status="PASS" signature="after()[pri:0, instance:testcases.HomeLoanTest@5e25a92e]" name="after" is-config="true" duration-ms="0" started-at="2023-04-16T04:57:01Z" finished-at="2023-04-16T04:57:01Z">
          <reporter-output>
          </reporter-output>
        </test-method> <!-- after -->
      </class> <!-- testcases.HomeLoanTest -->
    </test> <!-- Test -->
  </suite> <!-- Suite -->
  <suite name="SanitySuite" duration-ms="5" started-at="2023-04-16T04:57:01Z" finished-at="2023-04-16T04:57:01Z">
    <groups>
      <group name="regression">
        <method signature="CarLoanTest.test1()[pri:0, instance:testcases.CarLoanTest@6385cb26]" name="test1" class="testcases.CarLoanTest"/>
      </group> <!-- regression -->
      <group name="sanity">
        <method signature="CarLoanTest.test()[pri:0, instance:testcases.CarLoanTest@6385cb26]" name="test" class="testcases.CarLoanTest"/>
        <method signature="CreditCardTest.test()[pri:0, instance:testcases.CreditCardTest@38364841]" name="test" class="testcases.CreditCardTest"/>
        <method signature="HomeLoanTest.test1()[pri:0, instance:testcases.HomeLoanTest@49070868]" name="test1" class="testcases.HomeLoanTest"/>
        <method signature="HomeLoanTest.test()[pri:0, instance:testcases.HomeLoanTest@49070868]" name="test" class="testcases.HomeLoanTest"/>
      </group> <!-- sanity -->
    </groups>
    <test name="Test" duration-ms="5" started-at="2023-04-16T04:57:01Z" finished-at="2023-04-16T04:57:01Z">
      <class name="testcases.CarLoanTest">
        <test-method status="PASS" signature="test()[pri:0, instance:testcases.CarLoanTest@6385cb26]" name="test" duration-ms="1" started-at="2023-04-16T04:57:01Z" finished-at="2023-04-16T04:57:01Z">
          <reporter-output>
          </reporter-output>
        </test-method> <!-- test -->
        <test-method status="PASS" signature="test1()[pri:0, instance:testcases.CarLoanTest@6385cb26]" name="test1" duration-ms="0" started-at="2023-04-16T04:57:01Z" finished-at="2023-04-16T04:57:01Z">
          <reporter-output>
          </reporter-output>
        </test-method> <!-- test1 -->
      </class> <!-- testcases.CarLoanTest -->
      <class name="testcases.CreditCardTest">
        <test-method status="PASS" signature="test()[pri:0, instance:testcases.CreditCardTest@38364841]" name="test" duration-ms="0" started-at="2023-04-16T04:57:01Z" finished-at="2023-04-16T04:57:01Z">
          <reporter-output>
          </reporter-output>
        </test-method> <!-- test -->
      </class> <!-- testcases.CreditCardTest -->
      <class name="testcases.HomeLoanTest">
        <test-method status="PASS" signature="before()[pri:0, instance:testcases.HomeLoanTest@49070868]" name="before" is-config="true" duration-ms="0" started-at="2023-04-16T04:57:01Z" finished-at="2023-04-16T04:57:01Z">
          <reporter-output>
          </reporter-output>
        </test-method> <!-- before -->
        <test-method status="PASS" signature="test1()[pri:0, instance:testcases.HomeLoanTest@49070868]" name="test1" duration-ms="0" started-at="2023-04-16T04:57:01Z" finished-at="2023-04-16T04:57:01Z">
          <reporter-output>
          </reporter-output>
        </test-method> <!-- test1 -->
        <test-method status="PASS" signature="test()[pri:0, instance:testcases.HomeLoanTest@49070868]" name="test" duration-ms="1" started-at="2023-04-16T04:57:01Z" depends-on-methods="testcases.HomeLoanTest.test1" finished-at="2023-04-16T04:57:01Z">
          <reporter-output>
          </reporter-output>
        </test-method> <!-- test -->
      </class> <!-- testcases.HomeLoanTest -->
    </test> <!-- Test -->
  </suite> <!-- SanitySuite -->
</testng-results>
