<?xml version="1.0" encoding="UTF-8"?>
<!-- Generated by org.testng.reporters.JUnitXMLReporter -->
<testsuite ignored="4" hostname="DESKTOP-3CFO2EU" failures="0" tests="2" name="Test" time="0.057" errors="0" timestamp="16 Apr 2023 04:17:59 GMT">
  <testcase classname="testcases.HomeLoanTest" name="test1" time="0.009"/>
  <testcase classname="testcases.CarLoanTest" name="test" time="0.002"/>
  <testcase classname="testcases.CreditCardTest" name="test" time="0.0">
    <ignored/>
  </testcase> <!-- test -->
  <testcase classname="testcases.CreditCardTest" name="test1" time="0.0">
    <ignored/>
  </testcase> <!-- test1 -->
  <testcase classname="testcases.CarLoanTest" name="test1" time="0.0">
    <ignored/>
  </testcase> <!-- test1 -->
  <testcase classname="testcases.HomeLoanTest" name="test" time="0.0">
    <ignored/>
  </testcase> <!-- test -->
</testsuite> <!-- Test -->
