<?xml version="1.0" encoding="UTF-8"?>
<!-- Generated by org.testng.reporters.JUnitXMLReporter -->
<testsuite hostname="DESKTOP-3CFO2EU" ignored="2" name="Test" tests="5" failures="0" timestamp="16 Apr 2023 04:57:01 GMT" time="0.005" errors="0">
  <testcase name="test1" time="0.0" classname="testcases.HomeLoanTest"/>
  <testcase name="test" time="0.001" classname="testcases.HomeLoanTest"/>
  <testcase name="test" time="0.001" classname="testcases.CarLoanTest"/>
  <testcase name="test1" time="0.0" classname="testcases.CarLoanTest"/>
  <testcase name="test" time="0.0" classname="testcases.CreditCardTest"/>
  <testcase name="@BeforeTest before" time="0.0" classname="testcases.BaseClass">
    <ignored/>
  </testcase> <!-- @BeforeTest before -->
  <testcase name="test1" time="0.0" classname="testcases.CreditCardTest">
    <ignored/>
  </testcase> <!-- test1 -->
</testsuite> <!-- Test -->
