<?xml version="1.0" encoding="UTF-8"?>
<testng-results ignored="2" total="7" passed="5" failed="0" skipped="0">
  <reporter-output>
  </reporter-output>
  <suite started-at="2023-04-16T04:33:02Z" name="SanitySuite" finished-at="2023-04-16T04:33:02Z" duration-ms="75">
    <groups>
      <group name="regression">
        <method signature="CarLoanTest.test1()[pri:0, instance:testcases.CarLoanTest@9573584]" name="test1" class="testcases.CarLoanTest"/>
      </group> <!-- regression -->
      <group name="sanity">
        <method signature="CarLoanTest.test()[pri:0, instance:testcases.CarLoanTest@9573584]" name="test" class="testcases.CarLoanTest"/>
        <method signature="CreditCardTest.test()[pri:0, instance:testcases.CreditCardTest@3370f42]" name="test" class="testcases.CreditCardTest"/>
        <method signature="HomeLoanTest.test1()[pri:0, instance:testcases.HomeLoanTest@4278284b]" name="test1" class="testcases.HomeLoanTest"/>
        <method signature="HomeLoanTest.test()[pri:0, instance:testcases.HomeLoanTest@4278284b]" name="test" class="testcases.HomeLoanTest"/>
      </group> <!-- sanity -->
    </groups>
    <test started-at="2023-04-16T04:33:02Z" name="Test" finished-at="2023-04-16T04:33:02Z" duration-ms="75">
      <class name="testcases.CarLoanTest">
        <test-method signature="test()[pri:0, instance:testcases.CarLoanTest@9573584]" started-at="2023-04-16T04:33:02Z" name="test" finished-at="2023-04-16T04:33:02Z" duration-ms="2" status="PASS">
          <reporter-output>
          </reporter-output>
        </test-method> <!-- test -->
        <test-method signature="test1()[pri:0, instance:testcases.CarLoanTest@9573584]" started-at="2023-04-16T04:33:02Z" name="test1" finished-at="2023-04-16T04:33:02Z" duration-ms="2" status="PASS">
          <reporter-output>
          </reporter-output>
        </test-method> <!-- test1 -->
      </class> <!-- testcases.CarLoanTest -->
      <class name="testcases.CreditCardTest">
        <test-method signature="test()[pri:0, instance:testcases.CreditCardTest@3370f42]" started-at="2023-04-16T04:33:02Z" name="test" finished-at="2023-04-16T04:33:02Z" duration-ms="8" status="PASS">
          <reporter-output>
          </reporter-output>
        </test-method> <!-- test -->
      </class> <!-- testcases.CreditCardTest -->
      <class name="testcases.HomeLoanTest">
        <test-method is-config="true" signature="before()[pri:0, instance:testcases.HomeLoanTest@4278284b]" started-at="2023-04-16T04:33:02Z" name="before" finished-at="2023-04-16T04:33:02Z" duration-ms="14" status="PASS">
          <reporter-output>
          </reporter-output>
        </test-method> <!-- before -->
        <test-method signature="test1()[pri:0, instance:testcases.HomeLoanTest@4278284b]" started-at="2023-04-16T04:33:02Z" name="test1" finished-at="2023-04-16T04:33:02Z" duration-ms="5" status="PASS">
          <reporter-output>
          </reporter-output>
        </test-method> <!-- test1 -->
        <test-method signature="test()[pri:0, instance:testcases.HomeLoanTest@4278284b]" started-at="2023-04-16T04:33:02Z" name="test" finished-at="2023-04-16T04:33:02Z" depends-on-methods="testcases.HomeLoanTest.test1" duration-ms="2" status="PASS">
          <reporter-output>
          </reporter-output>
        </test-method> <!-- test -->
      </class> <!-- testcases.HomeLoanTest -->
    </test> <!-- Test -->
  </suite> <!-- SanitySuite -->
</testng-results>
