<?xml version="1.0" encoding="UTF-8"?>
<!-- Generated by org.testng.reporters.JUnitXMLReporter -->
<testsuite ignored="2" hostname="DESKTOP-3CFO2EU" failures="0" tests="5" name="Test" time="0.075" errors="0" timestamp="16 Apr 2023 04:33:02 GMT">
  <testcase classname="testcases.HomeLoanTest" name="test1" time="0.005"/>
  <testcase classname="testcases.HomeLoanTest" name="test" time="0.002"/>
  <testcase classname="testcases.CarLoanTest" name="test" time="0.002"/>
  <testcase classname="testcases.CarLoanTest" name="test1" time="0.002"/>
  <testcase classname="testcases.CreditCardTest" name="test" time="0.008"/>
  <testcase classname="testcases.BaseClass" name="@BeforeTest before" time="0.0">
    <ignored/>
  </testcase> <!-- @BeforeTest before -->
  <testcase classname="testcases.CreditCardTest" name="test1" time="0.0">
    <ignored/>
  </testcase> <!-- test1 -->
</testsuite> <!-- Test -->
